[debug] [2025-10-10T09:33:32.843Z] [Firebase Plugin] Activating Firebase extension.
[info] [Firebase Plugin] Checked firebase-tools, is up to date!
[debug] [2025-10-10T09:33:40.199Z] [Firebase Plugin] requireAuthWrapper
[debug] [2025-10-10T09:33:40.202Z] > command requires scopes: ["email","openid","https://www.googleapis.com/auth/cloudplatformprojects.readonly","https://www.googleapis.com/auth/firebase","https://www.googleapis.com/auth/cloud-platform"]
[debug] [2025-10-10T09:33:40.203Z] > authorizing via signed-in user (jsitla@gmail.com)
[debug] [2025-10-10T09:33:40.207Z] Checked if tokens are valid: true, expires at: 1760090514867
[debug] [2025-10-10T09:33:40.207Z] Checked if tokens are valid: true, expires at: 1760090514867
[debug] [2025-10-10T09:33:40.207Z] [Firebase Plugin] User found:  jsitla@gmail.com
[info] [Firebase Plugin] (Core:Project) New user detected, fetching projects
[debug] [2025-10-10T09:33:40.209Z] Checked if tokens are valid: true, expires at: 1760090514867
[debug] [2025-10-10T09:33:40.210Z] >>> [apiv2][query] GET https://firebase.googleapis.com/v1beta1/projects pageSize=1000
[debug] [2025-10-10T09:33:40.224Z] [Firebase Plugin] VSCode notification server listening on port 40001
[info] [Firebase Plugin] Starting Data Connect toolkit (version 2.13.0) on port 50001
[info] i  dataconnect: downloading dataconnect-emulator-2.13.0.exe... {"metadata":{"emulator":{"name":"dataconnect"},"message":"downloading dataconnect-emulator-2.13.0.exe..."}}
[debug] [2025-10-10T09:33:40.769Z] >>> [apiv2][query] GET https://storage.googleapis.com/firemat-preview-drop/emulator/dataconnect-emulator-windows-v2.13.0 
[debug] [2025-10-10T09:33:43.610Z] <<< [apiv2][status] GET https://storage.googleapis.com/firemat-preview-drop/emulator/dataconnect-emulator-windows-v2.13.0 200
[debug] [2025-10-10T09:33:43.610Z] <<< [apiv2][body] GET https://storage.googleapis.com/firemat-preview-drop/emulator/dataconnect-emulator-windows-v2.13.0 [stream]
[debug] [2025-10-10T09:33:43.733Z] <<< [apiv2][status] GET https://firebase.googleapis.com/v1beta1/projects 200
[debug] [2025-10-10T09:33:43.734Z] <<< [apiv2][body] GET https://firebase.googleapis.com/v1beta1/projects [omitted]
[info] i  dataconnect: Removing outdated emulator files: dataconnect-emulator-2.14.0.exe {"metadata":{"emulator":{"name":"dataconnect"},"message":"Removing outdated emulator files: dataconnect-emulator-2.14.0.exe"}}
[debug] [2025-10-10T09:33:50.655Z] W1010 11:33:50.645927   34772 control.go:68] [/emulator/pantryai 5cae] connector "example" has errors: example\queries.gql:2:3: mutation.AddNewWatch.watch_insert (data: Watch_Data): column createdAt is required but is missing in data

sources: example\queries.gql [599B] 
I1010 11:33:50.657158   34772 control.go:94] [/emulator/pantryai 5cae] UpdateResources(): done
Schema: sources: schema\schema.gql [831B] 
Connector "example": sources: example\queries.gql [599B] 
 {"metadata":{"emulator":{"name":"dataconnect"},"message":"W1010 11:33:50.645927   34772 control.go:68] [/emulator/pantryai 5cae] connector \"example\" has errors: example\\queries.gql:2:3: mutation.AddNewWatch.watch_insert (data: Watch_Data): column createdAt is required but is missing in data\n\nsources: example\\queries.gql [599B] \nI1010 11:33:50.657158   34772 control.go:94] [/emulator/pantryai 5cae] UpdateResources(): done\nSchema: sources: schema\\schema.gql [831B] \nConnector \"example\": sources: example\\queries.gql [599B] \n"}}
[debug] [2025-10-10T09:33:50.656Z] Ignoring unsupported arg: auto_download {"metadata":{"emulator":{"name":"dataconnect"},"message":"Ignoring unsupported arg: auto_download"}}
[debug] [2025-10-10T09:33:50.657Z] Ignoring unsupported arg: port {"metadata":{"emulator":{"name":"dataconnect"},"message":"Ignoring unsupported arg: port"}}
[debug] [2025-10-10T09:33:50.657Z] Starting Data Connect Emulator with command {"binary":"C:\\Users\\denis\\.cache\\firebase\\emulators\\dataconnect-emulator-2.13.0.exe","args":["--logtostderr","-v=2","dev","--listen=localhost:50001","--config_dir=c:\\Users\\denis\\Pantryai\\dataconnect","--enable_output_schema_extensions=true","--enable_output_generated_sdk=true"],"optionalArgs":["listen","config_dir","enable_output_schema_extensions","enable_output_generated_sdk"],"joinArgs":true,"shell":false,"port":9399} {"metadata":{"emulator":{"name":"dataconnect"},"message":"Starting Data Connect Emulator with command {\"binary\":\"C:\\\\Users\\\\denis\\\\.cache\\\\firebase\\\\emulators\\\\dataconnect-emulator-2.13.0.exe\",\"args\":[\"--logtostderr\",\"-v=2\",\"dev\",\"--listen=localhost:50001\",\"--config_dir=c:\\\\Users\\\\denis\\\\Pantryai\\\\dataconnect\",\"--enable_output_schema_extensions=true\",\"--enable_output_generated_sdk=true\"],\"optionalArgs\":[\"listen\",\"config_dir\",\"enable_output_schema_extensions\",\"enable_output_generated_sdk\"],\"joinArgs\":true,\"shell\":false,\"port\":9399}"}}
[info] i  dataconnect: Data Connect Emulator logging to dataconnect-debug.log {"metadata":{"emulator":{"name":"dataconnect"},"message":"Data Connect Emulator logging to \u001b[1mdataconnect-debug.log\u001b[22m"}}
[debug] [2025-10-10T09:33:50.700Z] I1010 11:33:50.693850   58132 load.go:31] Reloading schema and connectors...
 {"metadata":{"emulator":{"name":"dataconnect"},"message":"I1010 11:33:50.693850   58132 load.go:31] Reloading schema and connectors...\n"}}
[debug] [2025-10-10T09:33:50.743Z] W1010 11:33:50.745522   58132 control.go:68] [/emulator/pantryai 4608] connector "example" has errors: example\queries.gql:2:3: mutation.AddNewWatch.watch_insert (data: Watch_Data): column createdAt is required but is missing in data

sources: example\queries.gql [599B] 
I1010 11:33:50.745522   58132 control.go:94] [/emulator/pantryai 4608] UpdateResources(): done
Schema: sources: schema\schema.gql [831B] 
Connector "example": sources: example\queries.gql [599B] 
E1010 11:33:50.746703   58132 load.go:73] Could not load sources: 
Errors: example\queries.gql:2:3: mutation.AddNewWatch.watch_insert (data: Watch_Data): column createdAt is required but is missing in data
 {"metadata":{"emulator":{"name":"dataconnect"},"message":"W1010 11:33:50.745522   58132 control.go:68] [/emulator/pantryai 4608] connector \"example\" has errors: example\\queries.gql:2:3: mutation.AddNewWatch.watch_insert (data: Watch_Data): column createdAt is required but is missing in data\n\nsources: example\\queries.gql [599B] \nI1010 11:33:50.745522   58132 control.go:94] [/emulator/pantryai 4608] UpdateResources(): done\nSchema: sources: schema\\schema.gql [831B] \nConnector \"example\": sources: example\\queries.gql [599B] \nE1010 11:33:50.746703   58132 load.go:73] Could not load sources: \nErrors: example\\queries.gql:2:3: mutation.AddNewWatch.watch_insert (data: Watch_Data): column createdAt is required but is missing in data\n"}}
[debug] [2025-10-10T09:33:50.748Z] I1010 11:33:50.753490   58132 collector.go:107] schema extensions wrote into "c:\\Users\\denis\\Pantryai\\dataconnect\\.dataconnect\\schema"
Generated sources: prelude.gql [73251B] main\mutation.gql [20254B] main\implicit.gql [3217B] main\input.gql [58511B] main\relation.gql [30822B] main\query.gql [7504B] 
I1010 11:33:50.753490   58132 load.go:74] Finished reloading
 {"metadata":{"emulator":{"name":"dataconnect"},"message":"I1010 11:33:50.753490   58132 collector.go:107] schema extensions wrote into \"c:\\\\Users\\\\denis\\\\Pantryai\\\\dataconnect\\\\.dataconnect\\\\schema\"\nGenerated sources: prelude.gql [73251B] main\\mutation.gql [20254B] main\\implicit.gql [3217B] main\\input.gql [58511B] main\\relation.gql [30822B] main\\query.gql [7504B] \nI1010 11:33:50.753490   58132 load.go:74] Finished reloading\n"}}
[debug] [2025-10-10T09:33:50.765Z] I1010 11:33:50.770415   58132 dev.go:102] Listening on address (HTTP + gRPC): 127.0.0.1:50001
 {"metadata":{"emulator":{"name":"dataconnect"},"message":"I1010 11:33:50.770415   58132 dev.go:102] Listening on address (HTTP + gRPC): 127.0.0.1:50001\n"}}
[error] [Firebase Plugin] error:  {}
[info] [Firebase Plugin] Stopping Data Connect toolkit
[warn] !  Data Connect Emulator has exited upon receiving signal: SIGINT 
[debug] [2025-10-13T04:57:03.864Z] [Firebase Plugin] Activating Firebase extension.
[info] [Firebase Plugin] Checked firebase-tools, is up to date!
[debug] [2025-10-13T04:57:15.703Z] [Firebase Plugin] requireAuthWrapper
[debug] [2025-10-13T04:57:15.706Z] > command requires scopes: ["email","openid","https://www.googleapis.com/auth/cloudplatformprojects.readonly","https://www.googleapis.com/auth/firebase","https://www.googleapis.com/auth/cloud-platform"]
[debug] [2025-10-13T04:57:15.707Z] > authorizing via signed-in user (jsitla@gmail.com)
[debug] [2025-10-13T04:57:15.711Z] Checked if tokens are valid: false, expires at: 1760110379359
[debug] [2025-10-13T04:57:15.711Z] Checked if tokens are valid: false, expires at: 1760110379359
[debug] [2025-10-13T04:57:15.712Z] > refreshing access token with scopes: []
[debug] [2025-10-13T04:57:15.714Z] >>> [apiv2][query] POST https://www.googleapis.com/oauth2/v3/token [none]
[debug] [2025-10-13T04:57:15.715Z] >>> [apiv2][body] POST https://www.googleapis.com/oauth2/v3/token [omitted]
[debug] [2025-10-13T04:57:15.730Z] [Firebase Plugin] VSCode notification server listening on port 40001
[info] [Firebase Plugin] Starting Data Connect toolkit (version 2.13.0) on port 50001
[debug] [2025-10-13T04:57:16.515Z] W1013 06:57:16.498059   84340 control.go:68] [/emulator/pantryai dfc8] connector "example" has errors: example\queries.gql:2:3: mutation.AddNewWatch.watch_insert (data: Watch_Data): column createdAt is required but is missing in data

sources: example\queries.gql [599B] 
I1013 06:57:16.507167   84340 control.go:94] [/emulator/pantryai dfc8] UpdateResources(): done
Schema: sources: schema\schema.gql [831B] 
Connector "example": sources: example\queries.gql [599B] 
 {"metadata":{"emulator":{"name":"dataconnect"},"message":"W1013 06:57:16.498059   84340 control.go:68] [/emulator/pantryai dfc8] connector \"example\" has errors: example\\queries.gql:2:3: mutation.AddNewWatch.watch_insert (data: Watch_Data): column createdAt is required but is missing in data\n\nsources: example\\queries.gql [599B] \nI1013 06:57:16.507167   84340 control.go:94] [/emulator/pantryai dfc8] UpdateResources(): done\nSchema: sources: schema\\schema.gql [831B] \nConnector \"example\": sources: example\\queries.gql [599B] \n"}}
[debug] [2025-10-13T04:57:16.516Z] Ignoring unsupported arg: auto_download {"metadata":{"emulator":{"name":"dataconnect"},"message":"Ignoring unsupported arg: auto_download"}}
[debug] [2025-10-13T04:57:16.516Z] Ignoring unsupported arg: port {"metadata":{"emulator":{"name":"dataconnect"},"message":"Ignoring unsupported arg: port"}}
[debug] [2025-10-13T04:57:16.516Z] Starting Data Connect Emulator with command {"binary":"C:\\Users\\denis\\.cache\\firebase\\emulators\\dataconnect-emulator-2.13.0.exe","args":["--logtostderr","-v=2","dev","--listen=localhost:50001","--config_dir=c:\\Users\\denis\\Pantryai\\dataconnect","--enable_output_schema_extensions=true","--enable_output_generated_sdk=true"],"optionalArgs":["listen","config_dir","enable_output_schema_extensions","enable_output_generated_sdk"],"joinArgs":true,"shell":false,"port":9399} {"metadata":{"emulator":{"name":"dataconnect"},"message":"Starting Data Connect Emulator with command {\"binary\":\"C:\\\\Users\\\\denis\\\\.cache\\\\firebase\\\\emulators\\\\dataconnect-emulator-2.13.0.exe\",\"args\":[\"--logtostderr\",\"-v=2\",\"dev\",\"--listen=localhost:50001\",\"--config_dir=c:\\\\Users\\\\denis\\\\Pantryai\\\\dataconnect\",\"--enable_output_schema_extensions=true\",\"--enable_output_generated_sdk=true\"],\"optionalArgs\":[\"listen\",\"config_dir\",\"enable_output_schema_extensions\",\"enable_output_generated_sdk\"],\"joinArgs\":true,\"shell\":false,\"port\":9399}"}}
[info] i  dataconnect: Data Connect Emulator logging to dataconnect-debug.log {"metadata":{"emulator":{"name":"dataconnect"},"message":"Data Connect Emulator logging to \u001b[1mdataconnect-debug.log\u001b[22m"}}
[debug] [2025-10-13T04:57:16.662Z] I1013 06:57:16.561538  100260 load.go:31] Reloading schema and connectors...
 {"metadata":{"emulator":{"name":"dataconnect"},"message":"I1013 06:57:16.561538  100260 load.go:31] Reloading schema and connectors...\n"}}
[debug] [2025-10-13T04:57:16.691Z] W1013 06:57:16.676528  100260 control.go:68] [/emulator/pantryai 5318] connector "example" has errors: example\queries.gql:2:3: mutation.AddNewWatch.watch_insert (data: Watch_Data): column createdAt is required but is missing in data

sources: example\queries.gql [599B] 
I1013 06:57:16.676528  100260 control.go:94] [/emulator/pantryai 5318] UpdateResources(): done
Schema: sources: schema\schema.gql [831B] 
Connector "example": sources: example\queries.gql [599B] 
 {"metadata":{"emulator":{"name":"dataconnect"},"message":"W1013 06:57:16.676528  100260 control.go:68] [/emulator/pantryai 5318] connector \"example\" has errors: example\\queries.gql:2:3: mutation.AddNewWatch.watch_insert (data: Watch_Data): column createdAt is required but is missing in data\n\nsources: example\\queries.gql [599B] \nI1013 06:57:16.676528  100260 control.go:94] [/emulator/pantryai 5318] UpdateResources(): done\nSchema: sources: schema\\schema.gql [831B] \nConnector \"example\": sources: example\\queries.gql [599B] \n"}}
[debug] [2025-10-13T04:57:16.723Z] E1013 06:57:16.719162  100260 load.go:73] Could not load sources: 
Errors: example\queries.gql:2:3: mutation.AddNewWatch.watch_insert (data: Watch_Data): column createdAt is required but is missing in data
 {"metadata":{"emulator":{"name":"dataconnect"},"message":"E1013 06:57:16.719162  100260 load.go:73] Could not load sources: \nErrors: example\\queries.gql:2:3: mutation.AddNewWatch.watch_insert (data: Watch_Data): column createdAt is required but is missing in data\n"}}
[debug] [2025-10-13T04:57:16.724Z] <<< [apiv2][status] POST https://www.googleapis.com/oauth2/v3/token 200
[debug] [2025-10-13T04:57:16.724Z] <<< [apiv2][body] POST https://www.googleapis.com/oauth2/v3/token [omitted]
[debug] [2025-10-13T04:57:16.753Z] [Firebase Plugin] User found:  jsitla@gmail.com
[info] [Firebase Plugin] (Core:Project) New user detected, fetching projects
[debug] [2025-10-13T04:57:16.754Z] Checked if tokens are valid: true, expires at: 1760335035725
[debug] [2025-10-13T04:57:16.755Z] >>> [apiv2][query] GET https://firebase.googleapis.com/v1beta1/projects pageSize=1000
[debug] [2025-10-13T04:57:17.303Z] <<< [apiv2][status] GET https://firebase.googleapis.com/v1beta1/projects 200
[debug] [2025-10-13T04:57:17.304Z] <<< [apiv2][body] GET https://firebase.googleapis.com/v1beta1/projects [omitted]
[debug] [2025-10-13T04:57:17.372Z] I1013 06:57:17.371966  100260 collector.go:107] schema extensions wrote into "c:\\Users\\denis\\Pantryai\\dataconnect\\.dataconnect\\schema"
Generated sources: main\implicit.gql [3217B] main\input.gql [58511B] main\relation.gql [30822B] main\query.gql [7504B] main\mutation.gql [20254B] prelude.gql [73251B] 
I1013 06:57:17.372477  100260 load.go:74] Finished reloading
 {"metadata":{"emulator":{"name":"dataconnect"},"message":"I1013 06:57:17.371966  100260 collector.go:107] schema extensions wrote into \"c:\\\\Users\\\\denis\\\\Pantryai\\\\dataconnect\\\\.dataconnect\\\\schema\"\nGenerated sources: main\\implicit.gql [3217B] main\\input.gql [58511B] main\\relation.gql [30822B] main\\query.gql [7504B] main\\mutation.gql [20254B] prelude.gql [73251B] \nI1013 06:57:17.372477  100260 load.go:74] Finished reloading\n"}}
[debug] [2025-10-13T04:57:17.402Z] I1013 06:57:17.401521  100260 dev.go:102] Listening on address (HTTP + gRPC): 127.0.0.1:50001
 {"metadata":{"emulator":{"name":"dataconnect"},"message":"I1013 06:57:17.401521  100260 dev.go:102] Listening on address (HTTP + gRPC): 127.0.0.1:50001\n"}}
[error] [Firebase Plugin] error:  {}
[debug] [2025-10-13T08:43:02.909Z] [Firebase Plugin] Activating Firebase extension.
[info] [Firebase Plugin] Checked firebase-tools, is up to date!
[debug] [2025-10-13T08:43:15.972Z] [Firebase Plugin] requireAuthWrapper
[debug] [2025-10-13T08:43:15.974Z] > command requires scopes: ["email","openid","https://www.googleapis.com/auth/cloudplatformprojects.readonly","https://www.googleapis.com/auth/firebase","https://www.googleapis.com/auth/cloud-platform"]
[debug] [2025-10-13T08:43:15.975Z] > authorizing via signed-in user (jsitla@gmail.com)
[debug] [2025-10-13T08:43:15.978Z] Checked if tokens are valid: false, expires at: 1760343463075
[debug] [2025-10-13T08:43:15.978Z] Checked if tokens are valid: false, expires at: 1760343463075
[debug] [2025-10-13T08:43:15.979Z] > refreshing access token with scopes: []
[debug] [2025-10-13T08:43:15.980Z] >>> [apiv2][query] POST https://www.googleapis.com/oauth2/v3/token [none]
[debug] [2025-10-13T08:43:15.981Z] >>> [apiv2][body] POST https://www.googleapis.com/oauth2/v3/token [omitted]
[debug] [2025-10-13T08:43:15.990Z] [Firebase Plugin] VSCode notification server listening on port 40001
[info] [Firebase Plugin] Starting Data Connect toolkit (version 2.13.0) on port 50002
[debug] [2025-10-13T08:43:17.330Z] W1013 10:43:17.319224   98984 control.go:68] [/emulator/pantryai c60f] connector "example" has errors: example\queries.gql:2:3: mutation.AddNewWatch.watch_insert (data: Watch_Data): column createdAt is required but is missing in data

sources: example\queries.gql [599B] 
I1013 10:43:17.328205   98984 control.go:94] [/emulator/pantryai c60f] UpdateResources(): done
Schema: sources: schema\schema.gql [831B] 
Connector "example": sources: example\queries.gql [599B] 
 {"metadata":{"emulator":{"name":"dataconnect"},"message":"W1013 10:43:17.319224   98984 control.go:68] [/emulator/pantryai c60f] connector \"example\" has errors: example\\queries.gql:2:3: mutation.AddNewWatch.watch_insert (data: Watch_Data): column createdAt is required but is missing in data\n\nsources: example\\queries.gql [599B] \nI1013 10:43:17.328205   98984 control.go:94] [/emulator/pantryai c60f] UpdateResources(): done\nSchema: sources: schema\\schema.gql [831B] \nConnector \"example\": sources: example\\queries.gql [599B] \n"}}
[debug] [2025-10-13T08:43:17.331Z] Ignoring unsupported arg: auto_download {"metadata":{"emulator":{"name":"dataconnect"},"message":"Ignoring unsupported arg: auto_download"}}
[debug] [2025-10-13T08:43:17.331Z] Ignoring unsupported arg: port {"metadata":{"emulator":{"name":"dataconnect"},"message":"Ignoring unsupported arg: port"}}
[debug] [2025-10-13T08:43:17.332Z] Starting Data Connect Emulator with command {"binary":"C:\\Users\\denis\\.cache\\firebase\\emulators\\dataconnect-emulator-2.13.0.exe","args":["--logtostderr","-v=2","dev","--listen=localhost:50002","--config_dir=c:\\Users\\denis\\Pantryai\\dataconnect","--enable_output_schema_extensions=true","--enable_output_generated_sdk=true"],"optionalArgs":["listen","config_dir","enable_output_schema_extensions","enable_output_generated_sdk"],"joinArgs":true,"shell":false,"port":9399} {"metadata":{"emulator":{"name":"dataconnect"},"message":"Starting Data Connect Emulator with command {\"binary\":\"C:\\\\Users\\\\denis\\\\.cache\\\\firebase\\\\emulators\\\\dataconnect-emulator-2.13.0.exe\",\"args\":[\"--logtostderr\",\"-v=2\",\"dev\",\"--listen=localhost:50002\",\"--config_dir=c:\\\\Users\\\\denis\\\\Pantryai\\\\dataconnect\",\"--enable_output_schema_extensions=true\",\"--enable_output_generated_sdk=true\"],\"optionalArgs\":[\"listen\",\"config_dir\",\"enable_output_schema_extensions\",\"enable_output_generated_sdk\"],\"joinArgs\":true,\"shell\":false,\"port\":9399}"}}
[info] i  dataconnect: Data Connect Emulator logging to dataconnect-debug.log {"metadata":{"emulator":{"name":"dataconnect"},"message":"Data Connect Emulator logging to \u001b[1mdataconnect-debug.log\u001b[22m"}}
[debug] [2025-10-13T08:43:17.404Z] I1013 10:43:17.388673   99912 load.go:31] Reloading schema and connectors...
 {"metadata":{"emulator":{"name":"dataconnect"},"message":"I1013 10:43:17.388673   99912 load.go:31] Reloading schema and connectors...\n"}}
[debug] [2025-10-13T08:43:17.550Z] W1013 10:43:17.471678   99912 control.go:68] [/emulator/pantryai cbc7] connector "example" has errors: example\queries.gql:2:3: mutation.AddNewWatch.watch_insert (data: Watch_Data): column createdAt is required but is missing in data

sources: example\queries.gql [599B] 
I1013 10:43:17.471678   99912 control.go:94] [/emulator/pantryai cbc7] UpdateResources(): done
Schema: sources: schema\schema.gql [831B] 
Connector "example": sources: example\queries.gql [599B] 
E1013 10:43:17.474586   99912 load.go:73] Could not load sources: 
Errors: example\queries.gql:2:3: mutation.AddNewWatch.watch_insert (data: Watch_Data): column createdAt is required but is missing in data
I1013 10:43:17.477485   99912 collector.go:107] schema extensions wrote into "c:\\Users\\denis\\Pantryai\\dataconnect\\.dataconnect\\schema"
Generated sources: main\relation.gql [30822B] prelude.gql [73251B] main\query.gql [7504B] main\mutation.gql [20254B] main\implicit.gql [3217B] main\input.gql [58511B] 
I1013 10:43:17.477485   99912 load.go:74] Finished reloading
I1013 10:43:17.512894   99912 dev.go:102] Listening on address (HTTP + gRPC): 127.0.0.1:50002
 {"metadata":{"emulator":{"name":"dataconnect"},"message":"W1013 10:43:17.471678   99912 control.go:68] [/emulator/pantryai cbc7] connector \"example\" has errors: example\\queries.gql:2:3: mutation.AddNewWatch.watch_insert (data: Watch_Data): column createdAt is required but is missing in data\n\nsources: example\\queries.gql [599B] \nI1013 10:43:17.471678   99912 control.go:94] [/emulator/pantryai cbc7] UpdateResources(): done\nSchema: sources: schema\\schema.gql [831B] \nConnector \"example\": sources: example\\queries.gql [599B] \nE1013 10:43:17.474586   99912 load.go:73] Could not load sources: \nErrors: example\\queries.gql:2:3: mutation.AddNewWatch.watch_insert (data: Watch_Data): column createdAt is required but is missing in data\nI1013 10:43:17.477485   99912 collector.go:107] schema extensions wrote into \"c:\\\\Users\\\\denis\\\\Pantryai\\\\dataconnect\\\\.dataconnect\\\\schema\"\nGenerated sources: main\\relation.gql [30822B] prelude.gql [73251B] main\\query.gql [7504B] main\\mutation.gql [20254B] main\\implicit.gql [3217B] main\\input.gql [58511B] \nI1013 10:43:17.477485   99912 load.go:74] Finished reloading\nI1013 10:43:17.512894   99912 dev.go:102] Listening on address (HTTP + gRPC): 127.0.0.1:50002\n"}}
[error] [Firebase Plugin] error:  {}
[debug] [2025-10-13T08:43:18.746Z] <<< [apiv2][status] POST https://www.googleapis.com/oauth2/v3/token 200
[debug] [2025-10-13T08:43:18.747Z] <<< [apiv2][body] POST https://www.googleapis.com/oauth2/v3/token [omitted]
[debug] [2025-10-13T08:43:18.775Z] [Firebase Plugin] User found:  jsitla@gmail.com
[info] [Firebase Plugin] (Core:Project) New user detected, fetching projects
[debug] [2025-10-13T08:43:18.777Z] Checked if tokens are valid: true, expires at: 1760348597747
[debug] [2025-10-13T08:43:18.778Z] >>> [apiv2][query] GET https://firebase.googleapis.com/v1beta1/projects pageSize=1000
[debug] [2025-10-13T08:43:20.398Z] <<< [apiv2][status] GET https://firebase.googleapis.com/v1beta1/projects 200
[debug] [2025-10-13T08:43:20.399Z] <<< [apiv2][body] GET https://firebase.googleapis.com/v1beta1/projects [omitted]
[debug] [2025-10-13T14:52:07.639Z] [Firebase Plugin] Activating Firebase extension.
[info] [Firebase Plugin] Checked firebase-tools, is up to date!
[debug] [2025-10-13T14:52:22.930Z] [Firebase Plugin] requireAuthWrapper
[debug] [2025-10-13T14:52:22.933Z] > command requires scopes: ["email","openid","https://www.googleapis.com/auth/cloudplatformprojects.readonly","https://www.googleapis.com/auth/firebase","https://www.googleapis.com/auth/cloud-platform"]
[debug] [2025-10-13T14:52:22.934Z] > authorizing via signed-in user (jsitla@gmail.com)
[debug] [2025-10-13T14:52:22.937Z] Checked if tokens are valid: false, expires at: 1760365000800
[debug] [2025-10-13T14:52:22.937Z] Checked if tokens are valid: false, expires at: 1760365000800
[debug] [2025-10-13T14:52:22.938Z] > refreshing access token with scopes: []
[debug] [2025-10-13T14:52:22.940Z] >>> [apiv2][query] POST https://www.googleapis.com/oauth2/v3/token [none]
[debug] [2025-10-13T14:52:22.940Z] >>> [apiv2][body] POST https://www.googleapis.com/oauth2/v3/token [omitted]
[debug] [2025-10-13T14:52:22.953Z] [Firebase Plugin] VSCode notification server listening on port 40001
[info] [Firebase Plugin] Starting Data Connect toolkit (version 2.14.0) on port 50001
[info] i  dataconnect: downloading dataconnect-emulator-2.14.0.exe... {"metadata":{"emulator":{"name":"dataconnect"},"message":"downloading dataconnect-emulator-2.14.0.exe..."}}
[debug] [2025-10-13T14:52:23.491Z] >>> [apiv2][query] GET https://storage.googleapis.com/firemat-preview-drop/emulator/dataconnect-emulator-windows-v2.14.0 
[debug] [2025-10-13T14:52:23.738Z] <<< [apiv2][status] POST https://www.googleapis.com/oauth2/v3/token 200
[debug] [2025-10-13T14:52:23.738Z] <<< [apiv2][body] POST https://www.googleapis.com/oauth2/v3/token [omitted]
[debug] [2025-10-13T14:52:23.764Z] [Firebase Plugin] User found:  jsitla@gmail.com
[info] [Firebase Plugin] (Core:Project) New user detected, fetching projects
[debug] [2025-10-13T14:52:23.765Z] Checked if tokens are valid: true, expires at: 1760370742739
[debug] [2025-10-13T14:52:23.766Z] >>> [apiv2][query] GET https://firebase.googleapis.com/v1beta1/projects pageSize=1000
[debug] [2025-10-13T14:52:23.953Z] <<< [apiv2][status] GET https://storage.googleapis.com/firemat-preview-drop/emulator/dataconnect-emulator-windows-v2.14.0 200
[debug] [2025-10-13T14:52:23.954Z] <<< [apiv2][body] GET https://storage.googleapis.com/firemat-preview-drop/emulator/dataconnect-emulator-windows-v2.14.0 [stream]
[debug] [2025-10-13T14:52:24.342Z] <<< [apiv2][status] GET https://firebase.googleapis.com/v1beta1/projects 200
[debug] [2025-10-13T14:52:24.343Z] <<< [apiv2][body] GET https://firebase.googleapis.com/v1beta1/projects [omitted]
[info] i  dataconnect: Removing outdated emulator files: dataconnect-emulator-2.13.0.exe {"metadata":{"emulator":{"name":"dataconnect"},"message":"Removing outdated emulator files: dataconnect-emulator-2.13.0.exe"}}
[debug] [2025-10-13T14:52:30.195Z] W1013 16:52:30.138464   11352 control.go:68] [/emulator/pantryai 91c2] connector "example" has errors: example\queries.gql:2:3: mutation.AddNewWatch.watch_insert (data: Watch_Data): column createdAt is required but is missing in data

sources: example\queries.gql [599B] 
I1013 16:52:30.189501   11352 control.go:94] [/emulator/pantryai 91c2] UpdateResources(): done
Main schema: sources: schema\schema.gql [831B] 
Connector "example": sources: example\queries.gql [599B] 
 {"metadata":{"emulator":{"name":"dataconnect"},"message":"W1013 16:52:30.138464   11352 control.go:68] [/emulator/pantryai 91c2] connector \"example\" has errors: example\\queries.gql:2:3: mutation.AddNewWatch.watch_insert (data: Watch_Data): column createdAt is required but is missing in data\n\nsources: example\\queries.gql [599B] \nI1013 16:52:30.189501   11352 control.go:94] [/emulator/pantryai 91c2] UpdateResources(): done\nMain schema: sources: schema\\schema.gql [831B] \nConnector \"example\": sources: example\\queries.gql [599B] \n"}}
[debug] [2025-10-13T14:52:30.197Z] Ignoring unsupported arg: auto_download {"metadata":{"emulator":{"name":"dataconnect"},"message":"Ignoring unsupported arg: auto_download"}}
[debug] [2025-10-13T14:52:30.197Z] Ignoring unsupported arg: port {"metadata":{"emulator":{"name":"dataconnect"},"message":"Ignoring unsupported arg: port"}}
[debug] [2025-10-13T14:52:30.197Z] Starting Data Connect Emulator with command {"binary":"C:\\Users\\denis\\.cache\\firebase\\emulators\\dataconnect-emulator-2.14.0.exe","args":["--logtostderr","-v=2","dev","--listen=localhost:50001","--config_dir=c:\\Users\\denis\\Pantryai\\dataconnect","--enable_output_schema_extensions=true","--enable_output_generated_sdk=true"],"optionalArgs":["listen","config_dir","enable_output_schema_extensions","enable_output_generated_sdk"],"joinArgs":true,"shell":false,"port":9399} {"metadata":{"emulator":{"name":"dataconnect"},"message":"Starting Data Connect Emulator with command {\"binary\":\"C:\\\\Users\\\\denis\\\\.cache\\\\firebase\\\\emulators\\\\dataconnect-emulator-2.14.0.exe\",\"args\":[\"--logtostderr\",\"-v=2\",\"dev\",\"--listen=localhost:50001\",\"--config_dir=c:\\\\Users\\\\denis\\\\Pantryai\\\\dataconnect\",\"--enable_output_schema_extensions=true\",\"--enable_output_generated_sdk=true\"],\"optionalArgs\":[\"listen\",\"config_dir\",\"enable_output_schema_extensions\",\"enable_output_generated_sdk\"],\"joinArgs\":true,\"shell\":false,\"port\":9399}"}}
[info] i  dataconnect: Data Connect Emulator logging to dataconnect-debug.log {"metadata":{"emulator":{"name":"dataconnect"},"message":"Data Connect Emulator logging to \u001b[1mdataconnect-debug.log\u001b[22m"}}
[debug] [2025-10-13T14:52:30.257Z] I1013 16:52:30.241740   12624 load.go:31] Reloading schema and connectors...
 {"metadata":{"emulator":{"name":"dataconnect"},"message":"I1013 16:52:30.241740   12624 load.go:31] Reloading schema and connectors...\n"}}
[debug] [2025-10-13T14:52:30.312Z] W1013 16:52:30.310050   12624 control.go:68] [/emulator/pantryai 067e] connector "example" has errors: example\queries.gql:2:3: mutation.AddNewWatch.watch_insert (data: Watch_Data): column createdAt is required but is missing in data

sources: example\queries.gql [599B] 
I1013 16:52:30.312185   12624 control.go:94] [/emulator/pantryai 067e] UpdateResources(): done
Main schema: sources: schema\schema.gql [831B] 
Connector "example": sources: example\queries.gql [599B] 
 {"metadata":{"emulator":{"name":"dataconnect"},"message":"W1013 16:52:30.310050   12624 control.go:68] [/emulator/pantryai 067e] connector \"example\" has errors: example\\queries.gql:2:3: mutation.AddNewWatch.watch_insert (data: Watch_Data): column createdAt is required but is missing in data\n\nsources: example\\queries.gql [599B] \nI1013 16:52:30.312185   12624 control.go:94] [/emulator/pantryai 067e] UpdateResources(): done\nMain schema: sources: schema\\schema.gql [831B] \nConnector \"example\": sources: example\\queries.gql [599B] \n"}}
[debug] [2025-10-13T14:52:30.320Z] E1013 16:52:30.320223   12624 load.go:73] Could not load sources: 
Errors: example\queries.gql:2:3: mutation.AddNewWatch.watch_insert (data: Watch_Data): column createdAt is required but is missing in data
 {"metadata":{"emulator":{"name":"dataconnect"},"message":"E1013 16:52:30.320223   12624 load.go:73] Could not load sources: \nErrors: example\\queries.gql:2:3: mutation.AddNewWatch.watch_insert (data: Watch_Data): column createdAt is required but is missing in data\n"}}
[debug] [2025-10-13T14:52:30.344Z] I1013 16:52:30.343076   12624 collector.go:107] schema extensions wrote into "c:\\Users\\denis\\Pantryai\\dataconnect\\.dataconnect\\schema"
Generated sources: main\query.gql [7504B] main\mutation.gql [20254B] main\implicit.gql [3217B] main\input.gql [58511B] prelude.gql [73219B] main\relation.gql [30822B] 
I1013 16:52:30.343076   12624 load.go:74] Finished reloading
 {"metadata":{"emulator":{"name":"dataconnect"},"message":"I1013 16:52:30.343076   12624 collector.go:107] schema extensions wrote into \"c:\\\\Users\\\\denis\\\\Pantryai\\\\dataconnect\\\\.dataconnect\\\\schema\"\nGenerated sources: main\\query.gql [7504B] main\\mutation.gql [20254B] main\\implicit.gql [3217B] main\\input.gql [58511B] prelude.gql [73219B] main\\relation.gql [30822B] \nI1013 16:52:30.343076   12624 load.go:74] Finished reloading\n"}}
[debug] [2025-10-13T14:52:30.379Z] I1013 16:52:30.378648   12624 dev.go:102] Listening on address (HTTP + gRPC): 127.0.0.1:50001
 {"metadata":{"emulator":{"name":"dataconnect"},"message":"I1013 16:52:30.378648   12624 dev.go:102] Listening on address (HTTP + gRPC): 127.0.0.1:50001\n"}}
[error] [Firebase Plugin] error:  {}
[debug] [2025-10-15T11:12:11.411Z] [Firebase Plugin] Activating Firebase extension.
[info] [Firebase Plugin] Checked firebase-tools, is up to date!
[debug] [2025-10-15T11:12:23.801Z] [Firebase Plugin] requireAuthWrapper
[debug] [2025-10-15T11:12:23.805Z] > command requires scopes: ["email","openid","https://www.googleapis.com/auth/cloudplatformprojects.readonly","https://www.googleapis.com/auth/firebase","https://www.googleapis.com/auth/cloud-platform"]
[debug] [2025-10-15T11:12:23.806Z] > authorizing via signed-in user (jsitla@gmail.com)
[debug] [2025-10-15T11:12:23.814Z] Checked if tokens are valid: true, expires at: 1760530342509
[debug] [2025-10-15T11:12:23.815Z] Checked if tokens are valid: true, expires at: 1760530342509
[debug] [2025-10-15T11:12:23.817Z] [Firebase Plugin] User found:  jsitla@gmail.com
[info] [Firebase Plugin] (Core:Project) New user detected, fetching projects
[debug] [2025-10-15T11:12:23.822Z] Checked if tokens are valid: true, expires at: 1760530342509
[debug] [2025-10-15T11:12:23.824Z] >>> [apiv2][query] GET https://firebase.googleapis.com/v1beta1/projects pageSize=1000
[info] [Firebase Plugin] Starting Data Connect toolkit (version 2.14.0) on port 50001
[debug] [2025-10-15T11:12:26.827Z] W1015 13:12:26.735627   29828 control.go:68] [/emulator/pantryai 7e57] connector "example" has errors: example\queries.gql:2:3: mutation.AddNewWatch.watch_insert (data: Watch_Data): column createdAt is required but is missing in data

sources: example\queries.gql [599B] 
I1015 13:12:26.813061   29828 control.go:94] [/emulator/pantryai 7e57] UpdateResources(): done
Main schema: sources: schema\schema.gql [831B] 
Connector "example": sources: example\queries.gql [599B] 
 {"metadata":{"emulator":{"name":"dataconnect"},"message":"W1015 13:12:26.735627   29828 control.go:68] [/emulator/pantryai 7e57] connector \"example\" has errors: example\\queries.gql:2:3: mutation.AddNewWatch.watch_insert (data: Watch_Data): column createdAt is required but is missing in data\n\nsources: example\\queries.gql [599B] \nI1015 13:12:26.813061   29828 control.go:94] [/emulator/pantryai 7e57] UpdateResources(): done\nMain schema: sources: schema\\schema.gql [831B] \nConnector \"example\": sources: example\\queries.gql [599B] \n"}}
[debug] [2025-10-15T11:12:26.828Z] Ignoring unsupported arg: auto_download {"metadata":{"emulator":{"name":"dataconnect"},"message":"Ignoring unsupported arg: auto_download"}}
[debug] [2025-10-15T11:12:26.830Z] Ignoring unsupported arg: port {"metadata":{"emulator":{"name":"dataconnect"},"message":"Ignoring unsupported arg: port"}}
[debug] [2025-10-15T11:12:26.830Z] Starting Data Connect Emulator with command {"binary":"C:\\Users\\denis\\.cache\\firebase\\emulators\\dataconnect-emulator-2.14.0.exe","args":["--logtostderr","-v=2","dev","--listen=localhost:50001","--config_dir=c:\\Users\\denis\\Pantryai\\dataconnect","--enable_output_schema_extensions=true","--enable_output_generated_sdk=true"],"optionalArgs":["listen","config_dir","enable_output_schema_extensions","enable_output_generated_sdk"],"joinArgs":true,"shell":false,"port":9399} {"metadata":{"emulator":{"name":"dataconnect"},"message":"Starting Data Connect Emulator with command {\"binary\":\"C:\\\\Users\\\\denis\\\\.cache\\\\firebase\\\\emulators\\\\dataconnect-emulator-2.14.0.exe\",\"args\":[\"--logtostderr\",\"-v=2\",\"dev\",\"--listen=localhost:50001\",\"--config_dir=c:\\\\Users\\\\denis\\\\Pantryai\\\\dataconnect\",\"--enable_output_schema_extensions=true\",\"--enable_output_generated_sdk=true\"],\"optionalArgs\":[\"listen\",\"config_dir\",\"enable_output_schema_extensions\",\"enable_output_generated_sdk\"],\"joinArgs\":true,\"shell\":false,\"port\":9399}"}}
[info] i  dataconnect: Data Connect Emulator logging to dataconnect-debug.log {"metadata":{"emulator":{"name":"dataconnect"},"message":"Data Connect Emulator logging to \u001b[1mdataconnect-debug.log\u001b[22m"}}
[debug] [2025-10-15T11:12:26.995Z] I1015 13:12:26.954857    4856 load.go:31] Reloading schema and connectors...
 {"metadata":{"emulator":{"name":"dataconnect"},"message":"I1015 13:12:26.954857    4856 load.go:31] Reloading schema and connectors...\n"}}
[debug] [2025-10-15T11:12:27.008Z] <<< [apiv2][status] GET https://firebase.googleapis.com/v1beta1/projects 200
[debug] [2025-10-15T11:12:27.012Z] <<< [apiv2][body] GET https://firebase.googleapis.com/v1beta1/projects [omitted]
[debug] [2025-10-15T11:12:27.060Z] W1015 13:12:27.041936    4856 control.go:68] [/emulator/pantryai 3069] connector "example" has errors: example\queries.gql:2:3: mutation.AddNewWatch.watch_insert (data: Watch_Data): column createdAt is required but is missing in data

sources: example\queries.gql [599B] 
I1015 13:12:27.041936    4856 control.go:94] [/emulator/pantryai 3069] UpdateResources(): done
Main schema: sources: schema\schema.gql [831B] 
Connector "example": sources: example\queries.gql [599B] 
E1015 13:12:27.045815    4856 load.go:73] Could not load sources: 
Errors: example\queries.gql:2:3: mutation.AddNewWatch.watch_insert (data: Watch_Data): column createdAt is required but is missing in data
I1015 13:12:27.053379    4856 collector.go:107] schema extensions wrote into "c:\\Users\\denis\\Pantryai\\dataconnect\\.dataconnect\\schema"
Generated sources: prelude.gql [73219B] main\query.gql [7504B] main\mutation.gql [20254B] main\implicit.gql [3217B] main\input.gql [58511B] main\relation.gql [30822B] 
I1015 13:12:27.053379    4856 load.go:74] Finished reloading
 {"metadata":{"emulator":{"name":"dataconnect"},"message":"W1015 13:12:27.041936    4856 control.go:68] [/emulator/pantryai 3069] connector \"example\" has errors: example\\queries.gql:2:3: mutation.AddNewWatch.watch_insert (data: Watch_Data): column createdAt is required but is missing in data\n\nsources: example\\queries.gql [599B] \nI1015 13:12:27.041936    4856 control.go:94] [/emulator/pantryai 3069] UpdateResources(): done\nMain schema: sources: schema\\schema.gql [831B] \nConnector \"example\": sources: example\\queries.gql [599B] \nE1015 13:12:27.045815    4856 load.go:73] Could not load sources: \nErrors: example\\queries.gql:2:3: mutation.AddNewWatch.watch_insert (data: Watch_Data): column createdAt is required but is missing in data\nI1015 13:12:27.053379    4856 collector.go:107] schema extensions wrote into \"c:\\\\Users\\\\denis\\\\Pantryai\\\\dataconnect\\\\.dataconnect\\\\schema\"\nGenerated sources: prelude.gql [73219B] main\\query.gql [7504B] main\\mutation.gql [20254B] main\\implicit.gql [3217B] main\\input.gql [58511B] main\\relation.gql [30822B] \nI1015 13:12:27.053379    4856 load.go:74] Finished reloading\n"}}
[debug] [2025-10-15T11:12:27.251Z] I1015 13:12:27.171232    4856 dev.go:102] Listening on address (HTTP + gRPC): 127.0.0.1:50001
 {"metadata":{"emulator":{"name":"dataconnect"},"message":"I1015 13:12:27.171232    4856 dev.go:102] Listening on address (HTTP + gRPC): 127.0.0.1:50001\n"}}
[error] [Firebase Plugin] error:  {}
[warn] !  dataconnect: Fatal error occurred: 
   Data Connect Emulator has exited with code: 3221225786, 
   stopping all running emulators {"metadata":{"emulator":{"name":"dataconnect"},"message":"Fatal error occurred: \n   Data Connect Emulator has exited with code: 3221225786, \n   stopping all running emulators"}}
[debug] [2025-10-21T15:41:47.339Z] [Firebase Plugin] Activating Firebase extension.
[debug] [2025-10-21T15:42:06.122Z] [Firebase Plugin] requireAuthWrapper
[debug] [2025-10-21T15:42:06.126Z] > command requires scopes: ["email","openid","https://www.googleapis.com/auth/cloudplatformprojects.readonly","https://www.googleapis.com/auth/firebase","https://www.googleapis.com/auth/cloud-platform"]
[debug] [2025-10-21T15:42:06.127Z] > authorizing via signed-in user (jsitla@gmail.com)
[debug] [2025-10-21T15:42:06.133Z] Checked if tokens are valid: false, expires at: 1760542313129
[debug] [2025-10-21T15:42:06.135Z] Checked if tokens are valid: false, expires at: 1760542313129
[debug] [2025-10-21T15:42:06.136Z] > refreshing access token with scopes: []
[debug] [2025-10-21T15:42:06.139Z] >>> [apiv2][query] POST https://www.googleapis.com/oauth2/v3/token [none]
[debug] [2025-10-21T15:42:06.139Z] >>> [apiv2][body] POST https://www.googleapis.com/oauth2/v3/token [omitted]
[debug] [2025-10-21T15:42:06.160Z] [Firebase Plugin] VSCode notification server listening on port 40001
[info] [Firebase Plugin] Starting Data Connect toolkit (version 2.14.0) on port 50001
[debug] [2025-10-21T15:42:10.833Z] W1021 17:42:10.410097   49304 control.go:68] [/emulator/pantryai ff6a] connector "example" has errors: example\queries.gql:2:3: mutation.AddNewWatch.watch_insert (data: Watch_Data): column createdAt is required but is missing in data

sources: example\queries.gql [599B] 
I1021 17:42:10.547136   49304 control.go:94] [/emulator/pantryai ff6a] UpdateResources(): done
Main schema: sources: schema\schema.gql [831B] 
Connector "example": sources: example\queries.gql [599B] 
 {"metadata":{"emulator":{"name":"dataconnect"},"message":"W1021 17:42:10.410097   49304 control.go:68] [/emulator/pantryai ff6a] connector \"example\" has errors: example\\queries.gql:2:3: mutation.AddNewWatch.watch_insert (data: Watch_Data): column createdAt is required but is missing in data\n\nsources: example\\queries.gql [599B] \nI1021 17:42:10.547136   49304 control.go:94] [/emulator/pantryai ff6a] UpdateResources(): done\nMain schema: sources: schema\\schema.gql [831B] \nConnector \"example\": sources: example\\queries.gql [599B] \n"}}
[debug] [2025-10-21T15:42:12.204Z] Ignoring unsupported arg: auto_download {"metadata":{"emulator":{"name":"dataconnect"},"message":"Ignoring unsupported arg: auto_download"}}
[debug] [2025-10-21T15:42:12.204Z] Ignoring unsupported arg: port {"metadata":{"emulator":{"name":"dataconnect"},"message":"Ignoring unsupported arg: port"}}
[debug] [2025-10-21T15:42:12.204Z] Starting Data Connect Emulator with command {"binary":"C:\\Users\\denis\\.cache\\firebase\\emulators\\dataconnect-emulator-2.14.0.exe","args":["--logtostderr","-v=2","dev","--listen=localhost:50001","--config_dir=c:\\Users\\denis\\Pantryai\\dataconnect","--enable_output_schema_extensions=true","--enable_output_generated_sdk=true"],"optionalArgs":["listen","config_dir","enable_output_schema_extensions","enable_output_generated_sdk"],"joinArgs":true,"shell":false,"port":9399} {"metadata":{"emulator":{"name":"dataconnect"},"message":"Starting Data Connect Emulator with command {\"binary\":\"C:\\\\Users\\\\denis\\\\.cache\\\\firebase\\\\emulators\\\\dataconnect-emulator-2.14.0.exe\",\"args\":[\"--logtostderr\",\"-v=2\",\"dev\",\"--listen=localhost:50001\",\"--config_dir=c:\\\\Users\\\\denis\\\\Pantryai\\\\dataconnect\",\"--enable_output_schema_extensions=true\",\"--enable_output_generated_sdk=true\"],\"optionalArgs\":[\"listen\",\"config_dir\",\"enable_output_schema_extensions\",\"enable_output_generated_sdk\"],\"joinArgs\":true,\"shell\":false,\"port\":9399}"}}
[info] i  dataconnect: Data Connect Emulator logging to dataconnect-debug.log {"metadata":{"emulator":{"name":"dataconnect"},"message":"Data Connect Emulator logging to \u001b[1mdataconnect-debug.log\u001b[22m"}}
[debug] [2025-10-21T15:42:12.609Z] I1021 17:42:12.270512   35340 load.go:31] Reloading schema and connectors...
W1021 17:42:12.460719   35340 control.go:68] [/emulator/pantryai 997c] connector "example" has errors: example\queries.gql:2:3: mutation.AddNewWatch.watch_insert (data: Watch_Data): column createdAt is required but is missing in data

sources: example\queries.gql [599B] 
I1021 17:42:12.460719   35340 control.go:94] [/emulator/pantryai 997c] UpdateResources(): done
Main schema: sources: schema\schema.gql [831B] 
Connector "example": sources: example\queries.gql [599B] 
E1021 17:42:12.463998   35340 load.go:73] Could not load sources: 
Errors: example\queries.gql:2:3: mutation.AddNewWatch.watch_insert (data: Watch_Data): column createdAt is required but is missing in data
 {"metadata":{"emulator":{"name":"dataconnect"},"message":"I1021 17:42:12.270512   35340 load.go:31] Reloading schema and connectors...\nW1021 17:42:12.460719   35340 control.go:68] [/emulator/pantryai 997c] connector \"example\" has errors: example\\queries.gql:2:3: mutation.AddNewWatch.watch_insert (data: Watch_Data): column createdAt is required but is missing in data\n\nsources: example\\queries.gql [599B] \nI1021 17:42:12.460719   35340 control.go:94] [/emulator/pantryai 997c] UpdateResources(): done\nMain schema: sources: schema\\schema.gql [831B] \nConnector \"example\": sources: example\\queries.gql [599B] \nE1021 17:42:12.463998   35340 load.go:73] Could not load sources: \nErrors: example\\queries.gql:2:3: mutation.AddNewWatch.watch_insert (data: Watch_Data): column createdAt is required but is missing in data\n"}}
[debug] [2025-10-21T15:42:13.838Z] I1021 17:42:12.557024   35340 collector.go:107] schema extensions wrote into "c:\\Users\\denis\\Pantryai\\dataconnect\\.dataconnect\\schema"
Generated sources: prelude.gql [73219B] main\implicit.gql [3217B] main\input.gql [58511B] main\relation.gql [30822B] main\query.gql [7504B] main\mutation.gql [20254B] 
I1021 17:42:13.754052   35340 load.go:74] Finished reloading
 {"metadata":{"emulator":{"name":"dataconnect"},"message":"I1021 17:42:12.557024   35340 collector.go:107] schema extensions wrote into \"c:\\\\Users\\\\denis\\\\Pantryai\\\\dataconnect\\\\.dataconnect\\\\schema\"\nGenerated sources: prelude.gql [73219B] main\\implicit.gql [3217B] main\\input.gql [58511B] main\\relation.gql [30822B] main\\query.gql [7504B] main\\mutation.gql [20254B] \nI1021 17:42:13.754052   35340 load.go:74] Finished reloading\n"}}
[debug] [2025-10-21T15:42:13.968Z] <<< [apiv2][status] POST https://www.googleapis.com/oauth2/v3/token 200
[debug] [2025-10-21T15:42:13.968Z] <<< [apiv2][body] POST https://www.googleapis.com/oauth2/v3/token [omitted]
[debug] [2025-10-21T15:42:14.070Z] [Firebase Plugin] User found:  jsitla@gmail.com
[info] [Firebase Plugin] (Core:Project) New user detected, fetching projects
[debug] [2025-10-21T15:42:14.071Z] Checked if tokens are valid: true, expires at: 1761064932968
[debug] [2025-10-21T15:42:14.072Z] >>> [apiv2][query] GET https://firebase.googleapis.com/v1beta1/projects pageSize=1000
[debug] [2025-10-21T15:42:14.735Z] <<< [apiv2][status] GET https://firebase.googleapis.com/v1beta1/projects 200
[debug] [2025-10-21T15:42:14.736Z] <<< [apiv2][body] GET https://firebase.googleapis.com/v1beta1/projects [omitted]
[debug] [2025-10-21T15:42:14.973Z] I1021 17:42:14.973868   35340 dev.go:102] Listening on address (HTTP + gRPC): 127.0.0.1:50001
 {"metadata":{"emulator":{"name":"dataconnect"},"message":"I1021 17:42:14.973868   35340 dev.go:102] Listening on address (HTTP + gRPC): 127.0.0.1:50001\n"}}
[info] [Firebase Plugin] Stopping Data Connect toolkit
[warn] !  Data Connect Emulator has exited upon receiving signal: SIGINT 
[debug] [2025-10-21T15:43:59.196Z] [Firebase Plugin] Activating Firebase extension.
[debug] [2025-10-21T15:44:13.135Z] [Firebase Plugin] requireAuthWrapper
[debug] [2025-10-21T15:44:13.139Z] > command requires scopes: ["email","openid","https://www.googleapis.com/auth/cloudplatformprojects.readonly","https://www.googleapis.com/auth/firebase","https://www.googleapis.com/auth/cloud-platform"]
[debug] [2025-10-21T15:44:13.140Z] > authorizing via signed-in user (jsitla@gmail.com)
[debug] [2025-10-21T15:44:13.146Z] Checked if tokens are valid: true, expires at: 1761064932968
[debug] [2025-10-21T15:44:13.147Z] Checked if tokens are valid: true, expires at: 1761064932968
[debug] [2025-10-21T15:44:13.147Z] [Firebase Plugin] User found:  jsitla@gmail.com
[info] [Firebase Plugin] (Core:Project) New user detected, fetching projects
[debug] [2025-10-21T15:44:13.149Z] Checked if tokens are valid: true, expires at: 1761064932968
[debug] [2025-10-21T15:44:13.151Z] >>> [apiv2][query] GET https://firebase.googleapis.com/v1beta1/projects pageSize=1000
[info] [Firebase Plugin] Starting Data Connect toolkit (version 2.14.0) on port 50001
[debug] [2025-10-21T15:44:14.585Z] W1021 17:44:14.562278   46268 control.go:68] [/emulator/pantryai ff75] connector "example" has errors: example\queries.gql:2:3: mutation.AddNewWatch.watch_insert (data: Watch_Data): column createdAt is required but is missing in data

sources: example\queries.gql [599B] 
I1021 17:44:14.578606   46268 control.go:94] [/emulator/pantryai ff75] UpdateResources(): done
Main schema: sources: schema\schema.gql [831B] 
Connector "example": sources: example\queries.gql [599B] 
 {"metadata":{"emulator":{"name":"dataconnect"},"message":"W1021 17:44:14.562278   46268 control.go:68] [/emulator/pantryai ff75] connector \"example\" has errors: example\\queries.gql:2:3: mutation.AddNewWatch.watch_insert (data: Watch_Data): column createdAt is required but is missing in data\n\nsources: example\\queries.gql [599B] \nI1021 17:44:14.578606   46268 control.go:94] [/emulator/pantryai ff75] UpdateResources(): done\nMain schema: sources: schema\\schema.gql [831B] \nConnector \"example\": sources: example\\queries.gql [599B] \n"}}
[debug] [2025-10-21T15:44:14.586Z] Ignoring unsupported arg: auto_download {"metadata":{"emulator":{"name":"dataconnect"},"message":"Ignoring unsupported arg: auto_download"}}
[debug] [2025-10-21T15:44:14.586Z] Ignoring unsupported arg: port {"metadata":{"emulator":{"name":"dataconnect"},"message":"Ignoring unsupported arg: port"}}
[debug] [2025-10-21T15:44:14.587Z] Starting Data Connect Emulator with command {"binary":"C:\\Users\\denis\\.cache\\firebase\\emulators\\dataconnect-emulator-2.14.0.exe","args":["--logtostderr","-v=2","dev","--listen=localhost:50001","--config_dir=c:\\Users\\denis\\Pantryai\\dataconnect","--enable_output_schema_extensions=true","--enable_output_generated_sdk=true"],"optionalArgs":["listen","config_dir","enable_output_schema_extensions","enable_output_generated_sdk"],"joinArgs":true,"shell":false,"port":9399} {"metadata":{"emulator":{"name":"dataconnect"},"message":"Starting Data Connect Emulator with command {\"binary\":\"C:\\\\Users\\\\denis\\\\.cache\\\\firebase\\\\emulators\\\\dataconnect-emulator-2.14.0.exe\",\"args\":[\"--logtostderr\",\"-v=2\",\"dev\",\"--listen=localhost:50001\",\"--config_dir=c:\\\\Users\\\\denis\\\\Pantryai\\\\dataconnect\",\"--enable_output_schema_extensions=true\",\"--enable_output_generated_sdk=true\"],\"optionalArgs\":[\"listen\",\"config_dir\",\"enable_output_schema_extensions\",\"enable_output_generated_sdk\"],\"joinArgs\":true,\"shell\":false,\"port\":9399}"}}
[info] i  dataconnect: Data Connect Emulator logging to dataconnect-debug.log {"metadata":{"emulator":{"name":"dataconnect"},"message":"Data Connect Emulator logging to \u001b[1mdataconnect-debug.log\u001b[22m"}}
[debug] [2025-10-21T15:44:14.711Z] I1021 17:44:14.645310   40760 load.go:31] Reloading schema and connectors...
 {"metadata":{"emulator":{"name":"dataconnect"},"message":"I1021 17:44:14.645310   40760 load.go:31] Reloading schema and connectors...\n"}}
[debug] [2025-10-21T15:44:14.738Z] W1021 17:44:14.736242   40760 control.go:68] [/emulator/pantryai 185f] connector "example" has errors: example\queries.gql:2:3: mutation.AddNewWatch.watch_insert (data: Watch_Data): column createdAt is required but is missing in data

sources: example\queries.gql [599B] 
I1021 17:44:14.736242   40760 control.go:94] [/emulator/pantryai 185f] UpdateResources(): done
Main schema: sources: schema\schema.gql [831B] 
Connector "example": sources: example\queries.gql [599B] 
 {"metadata":{"emulator":{"name":"dataconnect"},"message":"W1021 17:44:14.736242   40760 control.go:68] [/emulator/pantryai 185f] connector \"example\" has errors: example\\queries.gql:2:3: mutation.AddNewWatch.watch_insert (data: Watch_Data): column createdAt is required but is missing in data\n\nsources: example\\queries.gql [599B] \nI1021 17:44:14.736242   40760 control.go:94] [/emulator/pantryai 185f] UpdateResources(): done\nMain schema: sources: schema\\schema.gql [831B] \nConnector \"example\": sources: example\\queries.gql [599B] \n"}}
[debug] [2025-10-21T15:44:14.740Z] E1021 17:44:14.738242   40760 load.go:73] Could not load sources: 
Errors: example\queries.gql:2:3: mutation.AddNewWatch.watch_insert (data: Watch_Data): column createdAt is required but is missing in data
 {"metadata":{"emulator":{"name":"dataconnect"},"message":"E1021 17:44:14.738242   40760 load.go:73] Could not load sources: \nErrors: example\\queries.gql:2:3: mutation.AddNewWatch.watch_insert (data: Watch_Data): column createdAt is required but is missing in data\n"}}
[debug] [2025-10-21T15:44:14.763Z] I1021 17:44:14.748934   40760 collector.go:107] schema extensions wrote into "c:\\Users\\denis\\Pantryai\\dataconnect\\.dataconnect\\schema"
Generated sources: prelude.gql [73219B] main\implicit.gql [3217B] main\input.gql [58511B] main\relation.gql [30822B] main\query.gql [7504B] main\mutation.gql [20254B] 
I1021 17:44:14.748934   40760 load.go:74] Finished reloading
 {"metadata":{"emulator":{"name":"dataconnect"},"message":"I1021 17:44:14.748934   40760 collector.go:107] schema extensions wrote into \"c:\\\\Users\\\\denis\\\\Pantryai\\\\dataconnect\\\\.dataconnect\\\\schema\"\nGenerated sources: prelude.gql [73219B] main\\implicit.gql [3217B] main\\input.gql [58511B] main\\relation.gql [30822B] main\\query.gql [7504B] main\\mutation.gql [20254B] \nI1021 17:44:14.748934   40760 load.go:74] Finished reloading\n"}}
[debug] [2025-10-21T15:44:14.804Z] I1021 17:44:14.789596   40760 dev.go:102] Listening on address (HTTP + gRPC): 127.0.0.1:50001
 {"metadata":{"emulator":{"name":"dataconnect"},"message":"I1021 17:44:14.789596   40760 dev.go:102] Listening on address (HTTP + gRPC): 127.0.0.1:50001\n"}}
[debug] [2025-10-21T15:44:15.072Z] <<< [apiv2][status] GET https://firebase.googleapis.com/v1beta1/projects 200
[debug] [2025-10-21T15:44:15.072Z] <<< [apiv2][body] GET https://firebase.googleapis.com/v1beta1/projects [omitted]
[error] [Firebase Plugin] error:  {}
[info] [Firebase Plugin] Stopping Data Connect toolkit
[warn] !  Data Connect Emulator has exited upon receiving signal: SIGINT 
[debug] [2025-10-25T04:58:41.536Z] [Firebase Plugin] Activating Firebase extension.
[debug] [2025-10-25T04:58:48.938Z] [Firebase Plugin] requireAuthWrapper
[debug] [2025-10-25T04:58:48.941Z] > command requires scopes: ["email","openid","https://www.googleapis.com/auth/cloudplatformprojects.readonly","https://www.googleapis.com/auth/firebase","https://www.googleapis.com/auth/cloud-platform"]
[debug] [2025-10-25T04:58:48.941Z] > authorizing via signed-in user (jsitla@gmail.com)
[debug] [2025-10-25T04:58:48.944Z] Checked if tokens are valid: true, expires at: 1761371798904
[debug] [2025-10-25T04:58:48.944Z] Checked if tokens are valid: true, expires at: 1761371798904
[debug] [2025-10-25T04:58:48.945Z] [Firebase Plugin] User found:  jsitla@gmail.com
[info] [Firebase Plugin] (Core:Project) New user detected, fetching projects
[debug] [2025-10-25T04:58:48.946Z] Checked if tokens are valid: true, expires at: 1761371798904
[debug] [2025-10-25T04:58:48.947Z] >>> [apiv2][query] GET https://firebase.googleapis.com/v1beta1/projects pageSize=1000
[debug] [2025-10-25T04:58:48.961Z] [Firebase Plugin] VSCode notification server listening on port 40001
[info] [Firebase Plugin] Starting Data Connect toolkit (version 2.15.0) on port 50001
[info] i  dataconnect: downloading dataconnect-emulator-2.15.0.exe... {"metadata":{"emulator":{"name":"dataconnect"},"message":"downloading dataconnect-emulator-2.15.0.exe..."}}
[debug] [2025-10-25T04:58:49.738Z] >>> [apiv2][query] GET https://storage.googleapis.com/firemat-preview-drop/emulator/dataconnect-emulator-windows-v2.15.0 
[debug] [2025-10-25T04:58:50.150Z] <<< [apiv2][status] GET https://storage.googleapis.com/firemat-preview-drop/emulator/dataconnect-emulator-windows-v2.15.0 200
[debug] [2025-10-25T04:58:50.151Z] <<< [apiv2][body] GET https://storage.googleapis.com/firemat-preview-drop/emulator/dataconnect-emulator-windows-v2.15.0 [stream]
[debug] [2025-10-25T04:58:50.314Z] <<< [apiv2][status] GET https://firebase.googleapis.com/v1beta1/projects 200
[debug] [2025-10-25T04:58:50.315Z] <<< [apiv2][body] GET https://firebase.googleapis.com/v1beta1/projects [omitted]
[info] i  dataconnect: Removing outdated emulator files: dataconnect-emulator-2.14.0.exe {"metadata":{"emulator":{"name":"dataconnect"},"message":"Removing outdated emulator files: dataconnect-emulator-2.14.0.exe"}}
[debug] [2025-10-25T04:58:54.671Z] W1025 06:58:54.649054   20232 control.go:68] [/emulator/pantryai 1687] connector "example" has errors: example\queries.gql:2:3: mutation.AddNewWatch.watch_insert (data: Watch_Data): column createdAt is required but is missing in data

sources: example\queries.gql [599B] 
I1025 06:58:54.665079   20232 control.go:94] [/emulator/pantryai 1687] UpdateResources(): done
Main schema: sources: schema\schema.gql [831B] 
Connector "example": sources: example\queries.gql [599B] 
 {"metadata":{"emulator":{"name":"dataconnect"},"message":"W1025 06:58:54.649054   20232 control.go:68] [/emulator/pantryai 1687] connector \"example\" has errors: example\\queries.gql:2:3: mutation.AddNewWatch.watch_insert (data: Watch_Data): column createdAt is required but is missing in data\n\nsources: example\\queries.gql [599B] \nI1025 06:58:54.665079   20232 control.go:94] [/emulator/pantryai 1687] UpdateResources(): done\nMain schema: sources: schema\\schema.gql [831B] \nConnector \"example\": sources: example\\queries.gql [599B] \n"}}
[debug] [2025-10-25T04:58:54.673Z] Ignoring unsupported arg: auto_download {"metadata":{"emulator":{"name":"dataconnect"},"message":"Ignoring unsupported arg: auto_download"}}
[debug] [2025-10-25T04:58:54.673Z] Ignoring unsupported arg: port {"metadata":{"emulator":{"name":"dataconnect"},"message":"Ignoring unsupported arg: port"}}
[debug] [2025-10-25T04:58:54.673Z] Starting Data Connect Emulator with command {"binary":"C:\\Users\\denis\\.cache\\firebase\\emulators\\dataconnect-emulator-2.15.0.exe","args":["--logtostderr","-v=2","dev","--listen=localhost:50001","--config_dir=c:\\Users\\denis\\Pantryai\\dataconnect","--enable_output_schema_extensions=true","--enable_output_generated_sdk=true"],"optionalArgs":["listen","config_dir","enable_output_schema_extensions","enable_output_generated_sdk"],"joinArgs":true,"shell":false,"port":9399} {"metadata":{"emulator":{"name":"dataconnect"},"message":"Starting Data Connect Emulator with command {\"binary\":\"C:\\\\Users\\\\denis\\\\.cache\\\\firebase\\\\emulators\\\\dataconnect-emulator-2.15.0.exe\",\"args\":[\"--logtostderr\",\"-v=2\",\"dev\",\"--listen=localhost:50001\",\"--config_dir=c:\\\\Users\\\\denis\\\\Pantryai\\\\dataconnect\",\"--enable_output_schema_extensions=true\",\"--enable_output_generated_sdk=true\"],\"optionalArgs\":[\"listen\",\"config_dir\",\"enable_output_schema_extensions\",\"enable_output_generated_sdk\"],\"joinArgs\":true,\"shell\":false,\"port\":9399}"}}
[info] i  dataconnect: Data Connect Emulator logging to dataconnect-debug.log {"metadata":{"emulator":{"name":"dataconnect"},"message":"Data Connect Emulator logging to \u001b[1mdataconnect-debug.log\u001b[22m"}}
[debug] [2025-10-25T04:58:54.740Z] I1025 06:58:54.724557   67640 load.go:31] Reloading schema and connectors...
 {"metadata":{"emulator":{"name":"dataconnect"},"message":"I1025 06:58:54.724557   67640 load.go:31] Reloading schema and connectors...\n"}}
[debug] [2025-10-25T04:58:54.809Z] W1025 06:58:54.808748   67640 control.go:68] [/emulator/pantryai 626f] connector "example" has errors: example\queries.gql:2:3: mutation.AddNewWatch.watch_insert (data: Watch_Data): column createdAt is required but is missing in data

sources: example\queries.gql [599B] 
I1025 06:58:54.808748   67640 control.go:94] [/emulator/pantryai 626f] UpdateResources(): done
Main schema: sources: schema\schema.gql [831B] 
Connector "example": sources: example\queries.gql [599B] 
 {"metadata":{"emulator":{"name":"dataconnect"},"message":"W1025 06:58:54.808748   67640 control.go:68] [/emulator/pantryai 626f] connector \"example\" has errors: example\\queries.gql:2:3: mutation.AddNewWatch.watch_insert (data: Watch_Data): column createdAt is required but is missing in data\n\nsources: example\\queries.gql [599B] \nI1025 06:58:54.808748   67640 control.go:94] [/emulator/pantryai 626f] UpdateResources(): done\nMain schema: sources: schema\\schema.gql [831B] \nConnector \"example\": sources: example\\queries.gql [599B] \n"}}
[debug] [2025-10-25T04:58:54.810Z] E1025 06:58:54.810026   67640 load.go:73] Could not load sources: 
Errors: example\queries.gql:2:3: mutation.AddNewWatch.watch_insert (data: Watch_Data): column createdAt is required but is missing in data
 {"metadata":{"emulator":{"name":"dataconnect"},"message":"E1025 06:58:54.810026   67640 load.go:73] Could not load sources: \nErrors: example\\queries.gql:2:3: mutation.AddNewWatch.watch_insert (data: Watch_Data): column createdAt is required but is missing in data\n"}}
[debug] [2025-10-25T04:58:54.816Z] I1025 06:58:54.816989   67640 collector.go:107] schema extensions wrote into "c:\\Users\\denis\\Pantryai\\dataconnect\\.dataconnect\\schema"
Generated sources: main\implicit.gql [3217B] prelude.gql [73219B] main\input.gql [58511B] main\relation.gql [30822B] main\query.gql [7504B] main\mutation.gql [20254B] 
I1025 06:58:54.816989   67640 load.go:74] Finished reloading
 {"metadata":{"emulator":{"name":"dataconnect"},"message":"I1025 06:58:54.816989   67640 collector.go:107] schema extensions wrote into \"c:\\\\Users\\\\denis\\\\Pantryai\\\\dataconnect\\\\.dataconnect\\\\schema\"\nGenerated sources: main\\implicit.gql [3217B] prelude.gql [73219B] main\\input.gql [58511B] main\\relation.gql [30822B] main\\query.gql [7504B] main\\mutation.gql [20254B] \nI1025 06:58:54.816989   67640 load.go:74] Finished reloading\n"}}
[debug] [2025-10-25T04:58:54.851Z] I1025 06:58:54.851598   67640 dev.go:102] Listening on address (HTTP + gRPC): 127.0.0.1:50001
 {"metadata":{"emulator":{"name":"dataconnect"},"message":"I1025 06:58:54.851598   67640 dev.go:102] Listening on address (HTTP + gRPC): 127.0.0.1:50001\n"}}
[error] [Firebase Plugin] error:  {}
[info] [Firebase Plugin] Stopping Data Connect toolkit
[warn] !  Data Connect Emulator has exited upon receiving signal: SIGINT 
[debug] [2025-10-26T05:24:28.861Z] [Firebase Plugin] Activating Firebase extension.
[debug] [2025-10-26T05:24:39.074Z] [Firebase Plugin] requireAuthWrapper
[debug] [2025-10-26T05:24:39.077Z] > command requires scopes: ["email","openid","https://www.googleapis.com/auth/cloudplatformprojects.readonly","https://www.googleapis.com/auth/firebase","https://www.googleapis.com/auth/cloud-platform"]
[debug] [2025-10-26T05:24:39.078Z] > authorizing via signed-in user (jsitla@gmail.com)
[debug] [2025-10-26T05:24:39.081Z] Checked if tokens are valid: true, expires at: 1761458910097
[debug] [2025-10-26T05:24:39.081Z] Checked if tokens are valid: true, expires at: 1761458910097
[debug] [2025-10-26T05:24:39.081Z] [Firebase Plugin] User found:  jsitla@gmail.com
[info] [Firebase Plugin] (Core:Project) New user detected, fetching projects
[debug] [2025-10-26T05:24:39.083Z] Checked if tokens are valid: true, expires at: 1761458910097
[debug] [2025-10-26T05:24:39.084Z] >>> [apiv2][query] GET https://firebase.googleapis.com/v1beta1/projects pageSize=1000
[debug] [2025-10-26T05:24:39.095Z] [Firebase Plugin] VSCode notification server listening on port 40001
[info] [Firebase Plugin] Starting Data Connect toolkit (version 2.15.0) on port 50001
[debug] [2025-10-26T05:24:40.502Z] W1026 06:24:40.479549   79800 control.go:68] [/emulator/pantryai bb13] connector "example" has errors: example\queries.gql:2:3: mutation.AddNewWatch.watch_insert (data: Watch_Data): column createdAt is required but is missing in data

sources: example\queries.gql [599B] 
I1026 06:24:40.495048   79800 control.go:94] [/emulator/pantryai bb13] UpdateResources(): done
Main schema: sources: schema\schema.gql [831B] 
Connector "example": sources: example\queries.gql [599B] 
 {"metadata":{"emulator":{"name":"dataconnect"},"message":"W1026 06:24:40.479549   79800 control.go:68] [/emulator/pantryai bb13] connector \"example\" has errors: example\\queries.gql:2:3: mutation.AddNewWatch.watch_insert (data: Watch_Data): column createdAt is required but is missing in data\n\nsources: example\\queries.gql [599B] \nI1026 06:24:40.495048   79800 control.go:94] [/emulator/pantryai bb13] UpdateResources(): done\nMain schema: sources: schema\\schema.gql [831B] \nConnector \"example\": sources: example\\queries.gql [599B] \n"}}
[debug] [2025-10-26T05:24:40.503Z] Ignoring unsupported arg: auto_download {"metadata":{"emulator":{"name":"dataconnect"},"message":"Ignoring unsupported arg: auto_download"}}
[debug] [2025-10-26T05:24:40.503Z] Ignoring unsupported arg: port {"metadata":{"emulator":{"name":"dataconnect"},"message":"Ignoring unsupported arg: port"}}
[debug] [2025-10-26T05:24:40.503Z] Starting Data Connect Emulator with command {"binary":"C:\\Users\\denis\\.cache\\firebase\\emulators\\dataconnect-emulator-2.15.0.exe","args":["--logtostderr","-v=2","dev","--listen=localhost:50001","--config_dir=c:\\Users\\denis\\Pantryai\\dataconnect","--enable_output_schema_extensions=true","--enable_output_generated_sdk=true"],"optionalArgs":["listen","config_dir","enable_output_schema_extensions","enable_output_generated_sdk"],"joinArgs":true,"shell":false,"port":9399} {"metadata":{"emulator":{"name":"dataconnect"},"message":"Starting Data Connect Emulator with command {\"binary\":\"C:\\\\Users\\\\denis\\\\.cache\\\\firebase\\\\emulators\\\\dataconnect-emulator-2.15.0.exe\",\"args\":[\"--logtostderr\",\"-v=2\",\"dev\",\"--listen=localhost:50001\",\"--config_dir=c:\\\\Users\\\\denis\\\\Pantryai\\\\dataconnect\",\"--enable_output_schema_extensions=true\",\"--enable_output_generated_sdk=true\"],\"optionalArgs\":[\"listen\",\"config_dir\",\"enable_output_schema_extensions\",\"enable_output_generated_sdk\"],\"joinArgs\":true,\"shell\":false,\"port\":9399}"}}
[info] i  dataconnect: Data Connect Emulator logging to dataconnect-debug.log {"metadata":{"emulator":{"name":"dataconnect"},"message":"Data Connect Emulator logging to \u001b[1mdataconnect-debug.log\u001b[22m"}}
[debug] [2025-10-26T05:24:40.586Z] I1026 06:24:40.548129   72628 load.go:31] Reloading schema and connectors...
 {"metadata":{"emulator":{"name":"dataconnect"},"message":"I1026 06:24:40.548129   72628 load.go:31] Reloading schema and connectors...\n"}}
[debug] [2025-10-26T05:24:40.789Z] W1026 06:24:40.782809   72628 control.go:68] [/emulator/pantryai 18e3] connector "example" has errors: example\queries.gql:2:3: mutation.AddNewWatch.watch_insert (data: Watch_Data): column createdAt is required but is missing in data

sources: example\queries.gql [599B] 
I1026 06:24:40.782809   72628 control.go:94] [/emulator/pantryai 18e3] UpdateResources(): done
Main schema: sources: schema\schema.gql [831B] 
Connector "example": sources: example\queries.gql [599B] 
E1026 06:24:40.784773   72628 load.go:73] Could not load sources: 
Errors: example\queries.gql:2:3: mutation.AddNewWatch.watch_insert (data: Watch_Data): column createdAt is required but is missing in data
 {"metadata":{"emulator":{"name":"dataconnect"},"message":"W1026 06:24:40.782809   72628 control.go:68] [/emulator/pantryai 18e3] connector \"example\" has errors: example\\queries.gql:2:3: mutation.AddNewWatch.watch_insert (data: Watch_Data): column createdAt is required but is missing in data\n\nsources: example\\queries.gql [599B] \nI1026 06:24:40.782809   72628 control.go:94] [/emulator/pantryai 18e3] UpdateResources(): done\nMain schema: sources: schema\\schema.gql [831B] \nConnector \"example\": sources: example\\queries.gql [599B] \nE1026 06:24:40.784773   72628 load.go:73] Could not load sources: \nErrors: example\\queries.gql:2:3: mutation.AddNewWatch.watch_insert (data: Watch_Data): column createdAt is required but is missing in data\n"}}
[debug] [2025-10-26T05:24:40.796Z] I1026 06:24:40.790265   72628 collector.go:107] schema extensions wrote into "c:\\Users\\denis\\Pantryai\\dataconnect\\.dataconnect\\schema"
Generated sources: main\query.gql [7504B] main\mutation.gql [20254B] main\implicit.gql [3217B] main\input.gql [58511B] main\relation.gql [30822B] prelude.gql [73219B] 
I1026 06:24:40.792622   72628 load.go:74] Finished reloading
 {"metadata":{"emulator":{"name":"dataconnect"},"message":"I1026 06:24:40.790265   72628 collector.go:107] schema extensions wrote into \"c:\\\\Users\\\\denis\\\\Pantryai\\\\dataconnect\\\\.dataconnect\\\\schema\"\nGenerated sources: main\\query.gql [7504B] main\\mutation.gql [20254B] main\\implicit.gql [3217B] main\\input.gql [58511B] main\\relation.gql [30822B] prelude.gql [73219B] \nI1026 06:24:40.792622   72628 load.go:74] Finished reloading\n"}}
[debug] [2025-10-26T05:24:40.838Z] I1026 06:24:40.837236   72628 dev.go:102] Listening on address (HTTP + gRPC): 127.0.0.1:50001
 {"metadata":{"emulator":{"name":"dataconnect"},"message":"I1026 06:24:40.837236   72628 dev.go:102] Listening on address (HTTP + gRPC): 127.0.0.1:50001\n"}}
[error] [Firebase Plugin] error:  {}
[debug] [2025-10-26T05:24:41.188Z] <<< [apiv2][status] GET https://firebase.googleapis.com/v1beta1/projects 200
[debug] [2025-10-26T05:24:41.188Z] <<< [apiv2][body] GET https://firebase.googleapis.com/v1beta1/projects [omitted]
